current directory: /Users/mikekruszewski/Development/flatiron/ORM/dynamic-orm-lab-v-000/.bundle/gems/sqlite3-1.3.3/ext/sqlite3
/Users/mikekruszewski/.rvm/rubies/ruby-2.5.0/bin/ruby -r ./siteconf20180306-45674-9pasgh.rb extconf.rb
checking for sqlite3.h... yes
checking for sqlite3_libversion_number() in -lsqlite3... yes
checking for rb_proc_arity()... yes
checking for sqlite3_initialize()... yes
checking for sqlite3_next_stmt()... yes
checking for sqlite3_backup_init()... yes
checking for sqlite3_column_database_name()... yes
checking for sqlite3_enable_load_extension()... no
checking for sqlite3_load_extension()... no
creating Makefile

current directory: /Users/mikekruszewski/Development/flatiron/ORM/dynamic-orm-lab-v-000/.bundle/gems/sqlite3-1.3.3/ext/sqlite3
make "DESTDIR=" clean

current directory: /Users/mikekruszewski/Development/flatiron/ORM/dynamic-orm-lab-v-000/.bundle/gems/sqlite3-1.3.3/ext/sqlite3
make "DESTDIR="
compiling backup.c
compiling database.c
database.c:181:3: warning: 'sqlite3_trace' is deprecated: first deprecated in macOS 10.12 [-Wdeprecated-declarations]
  sqlite3_trace(ctx->db, NIL_P(block) ? NULL : tracefunc, (void *)self);
  ^~~~~~~~~~~~~
  sqlite3_trace_v2
/usr/include/sqlite3.h:2906:36: note: 'sqlite3_trace' has been explicitly marked deprecated here
SQLITE_API SQLITE_DEPRECATED void *sqlite3_trace(
                                   ^
database.c:641:14: warning: unused function 'load_extension' [-Wunused-function]
static VALUE load_extension(VALUE self, VALUE file)
             ^
database.c:665:14: warning: unused function 'enable_load_extension' [-Wunused-function]
static VALUE enable_load_extension(VALUE self, VALUE onoff)
             ^
3 warnings generated.
compiling exception.c
compiling sqlite3.c
compiling statement.c
linking shared-object sqlite3/sqlite3_native.bundle
ld: warning: directory not found for option '-L/opt/local/lib'
ld: warning: directory not found for option '-L/sw/local/lib'

current directory: /Users/mikekruszewski/Development/flatiron/ORM/dynamic-orm-lab-v-000/.bundle/gems/sqlite3-1.3.3/ext/sqlite3
make "DESTDIR=" install
/usr/local/opt/coreutils/bin/ginstall -c -m 0755 sqlite3_native.bundle ./.gem.20180306-45674-3l233j/sqlite3
